  ActualAssignment 2.cpp
C:\Users\Fawzy\source\repos\ActualAssignment 2\ActualAssignment 2.cpp(23,5): error C4430: missing type specifier - int assumed. Note: C++ does not support default-int
C:\Users\Fawzy\source\repos\ActualAssignment 2\ActualAssignment 2.cpp(34,5): warning C4183: 'Center': missing return type; assumed to be a member function returning 'int'
C:\Users\Fawzy\source\repos\ActualAssignment 2\ActualAssignment 2.cpp(80,5): error C4430: missing type specifier - int assumed. Note: C++ does not support default-int
C:\Users\Fawzy\source\repos\ActualAssignment 2\ActualAssignment 2.cpp(90,5): warning C4183: 'Point': missing return type; assumed to be a member function returning 'int'
C:\Users\Fawzy\source\repos\ActualAssignment 2\ActualAssignment 2.cpp(92,23): error C2061: syntax error: identifier 'Point'
C:\Users\Fawzy\source\repos\ActualAssignment 2\ActualAssignment 2.cpp(28,29): warning C4244: '+=': conversion from 'float' to 'int', possible loss of data
C:\Users\Fawzy\source\repos\ActualAssignment 2\ActualAssignment 2.cpp(29,29): warning C4244: '+=': conversion from 'float' to 'int', possible loss of data
C:\Users\Fawzy\source\repos\ActualAssignment 2\ActualAssignment 2.cpp(33,16): error C2440: 'return': cannot convert from 'point' to 'int'
C:\Users\Fawzy\source\repos\ActualAssignment 2\ActualAssignment 2.cpp(33,16): message : No user-defined-conversion operator available that can perform this conversion, or the operator cannot be called
C:\Users\Fawzy\source\repos\ActualAssignment 2\ActualAssignment 2.cpp(41,17): error C2440: 'initializing': cannot convert from 'int' to 'point'
C:\Users\Fawzy\source\repos\ActualAssignment 2\ActualAssignment 2.cpp(41,17): message : No constructor could take the source type, or constructor overload resolution was ambiguous
C:\Users\Fawzy\source\repos\ActualAssignment 2\ActualAssignment 2.cpp(42,17): error C2440: 'initializing': cannot convert from 'int' to 'point'
C:\Users\Fawzy\source\repos\ActualAssignment 2\ActualAssignment 2.cpp(42,17): message : No constructor could take the source type, or constructor overload resolution was ambiguous
C:\Users\Fawzy\source\repos\ActualAssignment 2\ActualAssignment 2.cpp(44,20): error C2660: 'point::getDistance': function does not take 1 arguments
C:\Users\Fawzy\source\repos\ActualAssignment 2\ActualAssignment 2.cpp(92,11): message : see declaration of 'point::getDistance'
C:\Users\Fawzy\source\repos\ActualAssignment 2\ActualAssignment 2.cpp(44,20): message : while trying to match the argument list '(point)'
C:\Users\Fawzy\source\repos\ActualAssignment 2\ActualAssignment 2.cpp(45,20): error C2660: 'point::getDistance': function does not take 1 arguments
C:\Users\Fawzy\source\repos\ActualAssignment 2\ActualAssignment 2.cpp(92,11): message : see declaration of 'point::getDistance'
C:\Users\Fawzy\source\repos\ActualAssignment 2\ActualAssignment 2.cpp(45,20): message : while trying to match the argument list '(point)'
C:\Users\Fawzy\source\repos\ActualAssignment 2\ActualAssignment 2.cpp(71,16): warning C4244: 'return': conversion from 'int' to 'float', possible loss of data
C:\Users\Fawzy\source\repos\ActualAssignment 2\ActualAssignment 2.cpp(75,16): warning C4244: 'return': conversion from 'int' to 'float', possible loss of data
C:\Users\Fawzy\source\repos\ActualAssignment 2\ActualAssignment 2.cpp(82,13): error C2065: 'xIn': undeclared identifier
C:\Users\Fawzy\source\repos\ActualAssignment 2\ActualAssignment 2.cpp(84,13): error C2065: 'yIn': undeclared identifier
C:\Users\Fawzy\source\repos\ActualAssignment 2\ActualAssignment 2.cpp(96,29): error C2065: 'p': undeclared identifier
C:\Users\Fawzy\source\repos\ActualAssignment 2\ActualAssignment 2.cpp(96,47): error C2065: 'p': undeclared identifier
C:\Users\Fawzy\source\repos\ActualAssignment 2\ActualAssignment 2.cpp(116,15): warning C4244: 'argument': conversion from 'time_t' to 'unsigned int', possible loss of data
C:\Users\Fawzy\source\repos\ActualAssignment 2\ActualAssignment 2.cpp(127,9): error C2065: 'x': undeclared identifier
C:\Users\Fawzy\source\repos\ActualAssignment 2\ActualAssignment 2.cpp(128,9): error C2065: 'x': undeclared identifier
C:\Users\Fawzy\source\repos\ActualAssignment 2\ActualAssignment 2.cpp(129,11): error C2065: 'A': undeclared identifier
C:\Users\Fawzy\source\repos\ActualAssignment 2\ActualAssignment 2.cpp(129,20): error C2065: 'x': undeclared identifier
C:\Users\Fawzy\source\repos\ActualAssignment 2\ActualAssignment 2.cpp(130,9): error C2065: 'x': undeclared identifier
C:\Users\Fawzy\source\repos\ActualAssignment 2\ActualAssignment 2.cpp(131,9): error C2065: 'x': undeclared identifier
C:\Users\Fawzy\source\repos\ActualAssignment 2\ActualAssignment 2.cpp(132,11): error C2065: 'B': undeclared identifier
C:\Users\Fawzy\source\repos\ActualAssignment 2\ActualAssignment 2.cpp(132,20): error C2065: 'x': undeclared identifier
C:\Users\Fawzy\source\repos\ActualAssignment 2\ActualAssignment 2.cpp(137,5): error C2065: 'p': undeclared identifier
C:\Users\Fawzy\source\repos\ActualAssignment 2\ActualAssignment 2.cpp(137,19): error C2065: 'm': undeclared identifier
C:\Users\Fawzy\source\repos\ActualAssignment 2\ActualAssignment 2.cpp(139,25): error C2065: 'm': undeclared identifier
C:\Users\Fawzy\source\repos\ActualAssignment 2\ActualAssignment 2.cpp(141,9): error C2065: 'x': undeclared identifier
C:\Users\Fawzy\source\repos\ActualAssignment 2\ActualAssignment 2.cpp(142,9): error C2065: 'x': undeclared identifier
C:\Users\Fawzy\source\repos\ActualAssignment 2\ActualAssignment 2.cpp(146,25): error C2065: 'm': undeclared identifier
C:\Users\Fawzy\source\repos\ActualAssignment 2\ActualAssignment 2.cpp(149,9): error C2065: 'p': undeclared identifier
C:\Users\Fawzy\source\repos\ActualAssignment 2\ActualAssignment 2.cpp(150,9): error C3861: 'getClose': identifier not found
